  final.cpp
C:\Users\claire_1125\Desktop\정빈\2020년 2학기\컴퓨터비전\프로젝트\프로젝트2_LaneDetection\Project2_LaneDetection\final.cpp(152,55): warning C4244: '인수': 'double'에서 '_Tp'(으)로 변환하면서 데이터가 손실될 수 있습니다.
          with
          [
              _Tp=int
          ]
C:\Users\claire_1125\Desktop\정빈\2020년 2학기\컴퓨터비전\프로젝트\프로젝트2_LaneDetection\Project2_LaneDetection\final.cpp(152,43): warning C4244: '인수': 'double'에서 '_Tp'(으)로 변환하면서 데이터가 손실될 수 있습니다.
          with
          [
              _Tp=int
          ]
C:\Users\claire_1125\Desktop\정빈\2020년 2학기\컴퓨터비전\프로젝트\프로젝트2_LaneDetection\Project2_LaneDetection\final.cpp(153,28): warning C4244: '인수': 'double'에서 '_Tp'(으)로 변환하면서 데이터가 손실될 수 있습니다.
          with
          [
              _Tp=int
          ]
C:\Users\claire_1125\Desktop\정빈\2020년 2학기\컴퓨터비전\프로젝트\프로젝트2_LaneDetection\Project2_LaneDetection\final.cpp(154,28): warning C4244: '인수': 'double'에서 '_Tp'(으)로 변환하면서 데이터가 손실될 수 있습니다.
          with
          [
              _Tp=int
          ]
C:\Users\claire_1125\Desktop\정빈\2020년 2학기\컴퓨터비전\프로젝트\프로젝트2_LaneDetection\Project2_LaneDetection\final.cpp(155,57): warning C4244: '인수': 'double'에서 '_Tp'(으)로 변환하면서 데이터가 손실될 수 있습니다.
          with
          [
              _Tp=int
          ]
C:\Users\claire_1125\Desktop\정빈\2020년 2학기\컴퓨터비전\프로젝트\프로젝트2_LaneDetection\Project2_LaneDetection\final.cpp(155,28): warning C4244: '인수': 'double'에서 '_Tp'(으)로 변환하면서 데이터가 손실될 수 있습니다.
          with
          [
              _Tp=int
          ]
C:\Users\claire_1125\Desktop\정빈\2020년 2학기\컴퓨터비전\프로젝트\프로젝트2_LaneDetection\Project2_LaneDetection\final.cpp(172,20): warning C4244: '인수': 'float'에서 '_Tp'(으)로 변환하면서 데이터가 손실될 수 있습니다.
          with
          [
              _Tp=int
          ]
C:\Users\claire_1125\Desktop\정빈\2020년 2학기\컴퓨터비전\프로젝트\프로젝트2_LaneDetection\Project2_LaneDetection\final.cpp(173,48): warning C4244: '인수': 'float'에서 '_Tp'(으)로 변환하면서 데이터가 손실될 수 있습니다.
          with
          [
              _Tp=int
          ]
  코드를 생성하고 있습니다.
  294 of 298 functions (98.7%) were compiled, the rest were copied from previous compilation.
    49 functions were new in current compilation
    1 functions had inline decision re-evaluated but remain unchanged
  코드를 생성했습니다.
  Project2_LaneDetection.vcxproj -> C:\Users\claire_1125\Desktop\정빈\2020년 2학기\컴퓨터비전\프로젝트\프로젝트2_LaneDetection\Project2_LaneDetection\x64\Release\Project2_LaneDetection.exe
