c:\users\claire_1125\desktop\project2_lanedetection\x64\release\vc142.pdb
c:\users\claire_1125\desktop\project2_lanedetection\x64\release\main3.obj
c:\users\claire_1125\desktop\project2_lanedetection\x64\release\main2.obj
c:\users\claire_1125\desktop\project2_lanedetection\x64\release\chaelin.obj
c:\users\claire_1125\desktop\project2_lanedetection\x64\release\houghlines.obj
c:\users\claire_1125\desktop\project2_lanedetection\x64\release\main.obj
c:\users\claire_1125\desktop\project2_lanedetection\x64\release\houghlines_basic.obj
c:\users\claire_1125\desktop\project2_lanedetection\x64\release\houghlines_advanced.obj
c:\users\claire_1125\desktop\project2_lanedetection\x64\release\느린번개.obj
c:\users\claire_1125\desktop\project2_lanedetection\x64\release\project2_lanedetection.exe
c:\users\claire_1125\desktop\project2_lanedetection\x64\release\project2_lanedetection.pdb
c:\users\claire_1125\desktop\project2_lanedetection\x64\release\project2_lanedetection.ipdb
c:\users\claire_1125\desktop\project2_lanedetection\x64\release\project2_lanedetection.iobj
c:\users\claire_1125\desktop\project2_lanedetection\x64\release\project2.227bd1f6.tlog\cl.command.1.tlog
c:\users\claire_1125\desktop\project2_lanedetection\x64\release\project2.227bd1f6.tlog\cl.read.1.tlog
c:\users\claire_1125\desktop\project2_lanedetection\x64\release\project2.227bd1f6.tlog\cl.write.1.tlog
c:\users\claire_1125\desktop\project2_lanedetection\x64\release\project2.227bd1f6.tlog\link.command.1.tlog
c:\users\claire_1125\desktop\project2_lanedetection\x64\release\project2.227bd1f6.tlog\link.read.1.tlog
c:\users\claire_1125\desktop\project2_lanedetection\x64\release\project2.227bd1f6.tlog\link.write.1.tlog
c:\users\claire_1125\desktop\project2_lanedetection\x64\release\project2.227bd1f6.tlog\project2_lanedetection.write.1u.tlog
